<?xml version="1.0" encoding="UTF-8"?>
<!-- Generated by org.testng.reporters.JUnitReportReporter -->
<testsuite hostname="Larryle" failures="0" tests="7" name="Testing.TestSignUp" time="1.085" errors="0" timestamp="2024-04-10T09:39:57 ICT" skipped="0">
  <testcase classname="Testing.TestSignUp" name="signupNullIncorrectLengthPass" time="0.055"/>
  <system-out/>
  <testcase classname="Testing.TestSignUp" name="signupNullConfirmPass" time="0.064"/>
  <system-out/>
  <testcase classname="Testing.TestSignUp" name="signupNullPass" time="0.520"/>
  <system-out/>
  <testcase classname="Testing.TestSignUp" name="signupSuccess" time="0.160"/>
  <system-out/>
  <testcase classname="Testing.TestSignUp" name="signupNumberPhoneExits" time="0.121"/>
  <system-out/>
  <testcase classname="Testing.TestSignUp" name="signupNullAll" time="0.088"/>
  <system-out/>
  <testcase classname="Testing.TestSignUp" name="signupNullNumberPhone" time="0.077"/>
  <system-out/>
</testsuite> <!-- Testing.TestSignUp -->
