<?xml version="1.0" encoding="UTF-8"?>
<!-- Generated by org.testng.reporters.JUnitReportReporter -->
<testsuite hostname="Larryle" failures="0" tests="14" name="Testing.TestingEmployee" time="0.836" errors="0" timestamp="2024-04-10T04:55:44 ICT" skipped="0">
  <testcase classname="Testing.TestingEmployee" name="testAddNullCMND" time="0.001"/>
  <system-out/>
  <testcase classname="Testing.TestingEmployee" name="testAddNullEmail" time="0.002"/>
  <system-out/>
  <testcase classname="Testing.TestingEmployee" name="testAddNullNumberPhone" time="0.002"/>
  <system-out/>
  <testcase classname="Testing.TestingEmployee" name="testAddNullFullname" time="0.001"/>
  <system-out/>
  <testcase classname="Testing.TestingEmployee" name="deleteNVNotFoundId" time="0.504"/>
  <system-out/>
  <testcase classname="Testing.TestingEmployee" name="updateNVSuccess" time="0.064"/>
  <system-out/>
  <testcase classname="Testing.TestingEmployee" name="testAddCMNDIsExits" time="0.066"/>
  <system-out/>
  <testcase classname="Testing.TestingEmployee" name="deleteSuccess" time="0.080"/>
  <system-out/>
  <testcase classname="Testing.TestingEmployee" name="testAddMaNVIsExits" time="0.049"/>
  <system-out/>
  <testcase classname="Testing.TestingEmployee" name="testAddInCorrectCMND" time="0.003"/>
  <system-out/>
  <testcase classname="Testing.TestingEmployee" name="testAddNVSuccess" time="0.059"/>
  <system-out/>
  <testcase classname="Testing.TestingEmployee" name="updateIncorrectCMND" time="0.002"/>
  <system-out/>
  <testcase classname="Testing.TestingEmployee" name="updateIncorrectNumberPhone" time="0.002"/>
  <system-out/>
  <testcase classname="Testing.TestingEmployee" name="testAddNullMaNV" time="0.001"/>
  <system-out/>
</testsuite> <!-- Testing.TestingEmployee -->
