<?xml version="1.0" encoding="UTF-8"?>
<!-- Generated by org.testng.reporters.JUnitReportReporter -->
<testsuite hostname="Larryle" failures="0" tests="11" name="Testing.TestingProductType" time="1.071" errors="0" timestamp="2024-04-10T04:51:32 ICT" skipped="0">
  <testcase classname="Testing.TestingProductType" name="insertNullId" time="0.504"/>
  <system-out/>
  <testcase classname="Testing.TestingProductType" name="testInsertNullName" time="0.043"/>
  <system-out/>
  <testcase classname="Testing.TestingProductType" name="insertSuccess" time="0.093"/>
  <system-out/>
  <testcase classname="Testing.TestingProductType" name="testInsertExitsId" time="0.066"/>
  <system-out/>
  <testcase classname="Testing.TestingProductType" name="insertSuccessWithoutDescription" time="0.074"/>
  <system-out/>
  <testcase classname="Testing.TestingProductType" name="UpdateNullName" time="0.022"/>
  <system-out/>
  <testcase classname="Testing.TestingProductType" name="UpdateSuccessWithoutDescription" time="0.046"/>
  <system-out/>
  <testcase classname="Testing.TestingProductType" name="UpdateSuccessFullData" time="0.046"/>
  <system-out/>
  <testcase classname="Testing.TestingProductType" name="testDeleteLoaiSPWithProducts" time="0.038"/>
  <system-out/>
  <testcase classname="Testing.TestingProductType" name="deleteWithoutId" time="0.061"/>
  <system-out/>
  <testcase classname="Testing.TestingProductType" name="deleteLoaiSPNoExitsProduct" time="0.078"/>
  <system-out/>
</testsuite> <!-- Testing.TestingProductType -->
