<?xml version="1.0" encoding="UTF-8"?>
<!-- Generated by org.testng.reporters.JUnitReportReporter -->
<testsuite hostname="Larryle" failures="0" tests="11" name="Testing.TestingCategory" time="1.007" errors="0" timestamp="2024-04-10T10:12:11 ICT" skipped="0">
  <testcase classname="Testing.TestingCategory" name="insertNullId" time="0.567"/>
  <system-out/>
  <testcase classname="Testing.TestingCategory" name="testInsertNullName" time="0.041"/>
  <system-out/>
  <testcase classname="Testing.TestingCategory" name="insertSuccess" time="0.076"/>
  <system-out/>
  <testcase classname="Testing.TestingCategory" name="testInsertExitsId" time="0.048"/>
  <system-out/>
  <testcase classname="Testing.TestingCategory" name="insertSuccessWithoutDescription" time="0.059"/>
  <system-out/>
  <testcase classname="Testing.TestingCategory" name="UpdateNullName" time="0.015"/>
  <system-out/>
  <testcase classname="Testing.TestingCategory" name="UpdateSuccessWithoutDescription" time="0.037"/>
  <system-out/>
  <testcase classname="Testing.TestingCategory" name="UpdateSuccessFullData" time="0.030"/>
  <system-out/>
  <testcase classname="Testing.TestingCategory" name="testDeleteLoaiSPWithProducts" time="0.034"/>
  <system-out/>
  <testcase classname="Testing.TestingCategory" name="deleteWithoutId" time="0.044"/>
  <system-out/>
  <testcase classname="Testing.TestingCategory" name="deleteLoaiSPNoExitsProduct" time="0.056"/>
  <system-out/>
</testsuite> <!-- Testing.TestingCategory -->
