<?xml version="1.0" encoding="UTF-8"?>
<!-- Generated by org.testng.reporters.JUnitReportReporter -->
<testsuite hostname="Larryle" failures="0" tests="7" name="Testing.TestLogin" time="0.117" errors="0" timestamp="2024-04-10T10:12:11 ICT" skipped="0">
  <testcase classname="Testing.TestLogin" name="loginNullUsernameAndPass" time="0.016"/>
  <system-out/>
  <testcase classname="Testing.TestLogin" name="loginNullUsername" time="0.013"/>
  <system-out/>
  <testcase classname="Testing.TestLogin" name="loginNullPass" time="0.013"/>
  <system-out/>
  <testcase classname="Testing.TestLogin" name="loginIncorrectAll" time="0.012"/>
  <system-out/>
  <testcase classname="Testing.TestLogin" name="loginIncorrectFullname" time="0.016"/>
  <system-out/>
  <testcase classname="Testing.TestLogin" name="loginIncorrectPass" time="0.013"/>
  <system-out/>
  <testcase classname="Testing.TestLogin" name="loginSuccess" time="0.034"/>
  <system-out/>
</testsuite> <!-- Testing.TestLogin -->
