<?xml version="1.0" encoding="UTF-8"?>
<!-- Generated by org.testng.reporters.JUnitReportReporter -->
<testsuite hostname="Larryle" failures="0" tests="11" name="Testing.TestingCustomer" time="0.143" errors="0" timestamp="2024-04-10T10:12:11 ICT" skipped="0">
  <testcase classname="Testing.TestingCustomer" name="addCustomerSucess" time="0.038"/>
  <system-out/>
  <testcase classname="Testing.TestingCustomer" name="addCustomerNullFullname" time="0.001"/>
  <system-out/>
  <testcase classname="Testing.TestingCustomer" name="addCustomerNullNumberPhone" time="0.001"/>
  <system-out/>
  <testcase classname="Testing.TestingCustomer" name="addCustomerIncorrectNumberPhone" time="0.000"/>
  <system-out/>
  <testcase classname="Testing.TestingCustomer" name="updateCustomerSucess" time="0.047"/>
  <system-out/>
  <testcase classname="Testing.TestingCustomer" name="updateCustomerNullSDT" time="0.002"/>
  <system-out/>
  <testcase classname="Testing.TestingCustomer" name="updateCustomerNullName" time="0.001"/>
  <system-out/>
  <testcase classname="Testing.TestingCustomer" name="updateCustomerIncorrectPhone" time="0.001"/>
  <system-out/>
  <testcase classname="Testing.TestingCustomer" name="updateCustomerIncorrectName" time="0.000"/>
  <system-out/>
  <testcase classname="Testing.TestingCustomer" name="deleteNVNotFoundId" time="0.019"/>
  <system-out/>
  <testcase classname="Testing.TestingCustomer" name="deleteSuccess" time="0.033"/>
  <system-out/>
</testsuite> <!-- Testing.TestingCustomer -->
