<?xml version="1.0" encoding="UTF-8"?>
<!-- Generated by org.testng.reporters.JUnitReportReporter -->
<testsuite hostname="Larryle" failures="0" tests="14" name="Testing.TestingEmployee" time="0.170" errors="0" timestamp="2024-04-10T10:12:11 ICT" skipped="0">
  <testcase classname="Testing.TestingEmployee" name="updateNVSuccess" time="0.033"/>
  <system-out/>
  <testcase classname="Testing.TestingEmployee" name="deleteNVNotFoundId" time="0.021"/>
  <system-out/>
  <testcase classname="Testing.TestingEmployee" name="deleteSuccess" time="0.040"/>
  <system-out/>
  <testcase classname="Testing.TestingEmployee" name="updateIncorrectNumberPhone" time="0.001"/>
  <system-out/>
  <testcase classname="Testing.TestingEmployee" name="testAddNullNumberPhone" time="0.001"/>
  <system-out/>
  <testcase classname="Testing.TestingEmployee" name="testAddInCorrectCMND" time="0.001"/>
  <system-out/>
  <testcase classname="Testing.TestingEmployee" name="testAddNullMaNV" time="0.001"/>
  <system-out/>
  <testcase classname="Testing.TestingEmployee" name="testAddMaNVIsExits" time="0.016"/>
  <system-out/>
  <testcase classname="Testing.TestingEmployee" name="testAddNullEmail" time="0.001"/>
  <system-out/>
  <testcase classname="Testing.TestingEmployee" name="testAddNVSuccess" time="0.032"/>
  <system-out/>
  <testcase classname="Testing.TestingEmployee" name="testAddNullFullname" time="0.001"/>
  <system-out/>
  <testcase classname="Testing.TestingEmployee" name="updateIncorrectCMND" time="0.001"/>
  <system-out/>
  <testcase classname="Testing.TestingEmployee" name="testAddNullCMND" time="0.001"/>
  <system-out/>
  <testcase classname="Testing.TestingEmployee" name="testAddCMNDIsExits" time="0.020"/>
  <system-out/>
</testsuite> <!-- Testing.TestingEmployee -->
