<?xml version="1.0" encoding="UTF-8"?>
<!-- Generated by org.testng.reporters.JUnitReportReporter -->
<testsuite hostname="Larryle" failures="0" tests="7" name="Testing.TestSignUp" time="0.246" errors="0" timestamp="2024-04-10T10:12:11 ICT" skipped="0">
  <testcase classname="Testing.TestSignUp" name="signupSuccess" time="0.045"/>
  <system-out/>
  <testcase classname="Testing.TestSignUp" name="signupNumberPhoneExits" time="0.044"/>
  <system-out/>
  <testcase classname="Testing.TestSignUp" name="signupNullIncorrectLengthPass" time="0.031"/>
  <system-out/>
  <testcase classname="Testing.TestSignUp" name="signupNullPass" time="0.032"/>
  <system-out/>
  <testcase classname="Testing.TestSignUp" name="signupNullConfirmPass" time="0.032"/>
  <system-out/>
  <testcase classname="Testing.TestSignUp" name="signupNullAll" time="0.030"/>
  <system-out/>
  <testcase classname="Testing.TestSignUp" name="signupNullNumberPhone" time="0.032"/>
  <system-out/>
</testsuite> <!-- Testing.TestSignUp -->
