<?xml version="1.0" encoding="UTF-8"?>
<!-- Generated by org.testng.reporters.JUnitReportReporter -->
<testsuite hostname="Larryle" failures="0" tests="11" name="Testing.TestingCustomer" time="0.652" errors="0" timestamp="2024-04-10T05:02:01 ICT" skipped="0">
  <testcase classname="Testing.TestingCustomer" name="addCustomerSucess" time="0.501"/>
  <system-out/>
  <testcase classname="Testing.TestingCustomer" name="addCustomerNullFullname" time="0.002"/>
  <system-out/>
  <testcase classname="Testing.TestingCustomer" name="addCustomerNullNumberPhone" time="0.001"/>
  <system-out/>
  <testcase classname="Testing.TestingCustomer" name="addCustomerIncorrectNumberPhone" time="0.001"/>
  <system-out/>
  <testcase classname="Testing.TestingCustomer" name="updateCustomerSucess" time="0.052"/>
  <system-out/>
  <testcase classname="Testing.TestingCustomer" name="updateCustomerNullSDT" time="0.002"/>
  <system-out/>
  <testcase classname="Testing.TestingCustomer" name="updateCustomerNullName" time="0.001"/>
  <system-out/>
  <testcase classname="Testing.TestingCustomer" name="updateCustomerIncorrectPhone" time="0.002"/>
  <system-out/>
  <testcase classname="Testing.TestingCustomer" name="updateCustomerIncorrectName" time="0.002"/>
  <system-out/>
  <testcase classname="Testing.TestingCustomer" name="deleteNVNotFoundId" time="0.027"/>
  <system-out/>
  <testcase classname="Testing.TestingCustomer" name="deleteSuccess" time="0.061"/>
  <system-out/>
</testsuite> <!-- Testing.TestingCustomer -->
